<?xml version="1.0" encoding="UTF-8"?>
<!-- Generated by org.testng.reporters.JUnitReportReporter -->
<testsuite hostname="Swatis-MacBook-Air.local" failures="0" tests="1" name="testcases.LoginTest" time="8.590" errors="0" timestamp="2024-12-11T08:31:06 IST" skipped="0">
  <testcase classname="testcases.LoginTest" name="validLoginTest" time="8.590"/>
</testsuite> <!-- testcases.LoginTest -->
