<?xml version="1.0" encoding="UTF-8"?>
<!-- Generated by org.testng.reporters.JUnitReportReporter -->
<testsuite hostname="Swatis-MacBook-Air.local" failures="0" tests="1" name="testcases.LoginTest" time="5.389" errors="0" timestamp="2024-12-10T08:13:06 IST" skipped="0">
  <testcase classname="testcases.LoginTest" name="validLoginTest" time="5.389"/>
</testsuite> <!-- testcases.LoginTest -->
